<?xml version="1.0" encoding="UTF-8"?>
<!-- Generated by org.testng.reporters.JUnitReportReporter -->
<testsuite hostname="Harry" failures="0" tests="5" name="Demo.DemoTest1" time="25.521" errors="0" timestamp="2024-11-19T15:52:45 IST" skipped="0">
  <testcase classname="Demo.DemoTest1" name="m2" time="4.826"/>
  <system-out>
    <![CDATA[ Method M2------Team B]]>
  </system-out>
  <testcase classname="Demo.DemoTest1" name="m10" time="5.877"/>
  <system-out>
    <![CDATA[ Method M10------Team B]]>
  </system-out>
  <testcase classname="Demo.DemoTest1" name="m4" time="4.903"/>
  <system-out>
    <![CDATA[ Method M4------Team B]]>
  </system-out>
  <testcase classname="Demo.DemoTest1" name="m6" time="4.993"/>
  <system-out>
    <![CDATA[ Method M6------Team B]]>
  </system-out>
  <testcase classname="Demo.DemoTest1" name="m8" time="4.922"/>
  <system-out>
    <![CDATA[ Method M8------Team B]]>
  </system-out>
</testsuite> <!-- Demo.DemoTest1 -->
