<?xml version="1.0" encoding="UTF-8"?>
<!-- Generated by org.testng.reporters.JUnitReportReporter -->
<testsuite hostname="santhosh" failures="0" tests="2" name="CatsProduct.VerifyCatsProductTest" time="24.717" errors="0" timestamp="2024-11-29T22:28:56 IST" skipped="0">
  <testcase classname="CatsProduct.VerifyCatsProductTest" name="removeProduct" time="8.820"/>
  <system-out/>
  <testcase classname="CatsProduct.VerifyCatsProductTest" name="addProduct" time="15.897"/>
  <system-out/>
</testsuite> <!-- CatsProduct.VerifyCatsProductTest -->
