<?xml version="1.0" encoding="UTF-8"?>
<!-- Generated by org.testng.reporters.JUnitReportReporter -->
<testsuite hostname="KAAL" failures="0" tests="2" name="CatsProduct.VerifyCatsProduct" time="13.338" errors="0" timestamp="2024-11-22T19:00:10 IST" skipped="0">
  <testcase classname="CatsProduct.VerifyCatsProduct" name="addProduct" time="7.343"/>
  <system-out>
    <![CDATA[Added product screenshot taken successfully]]>
  </system-out>
  <testcase classname="CatsProduct.VerifyCatsProduct" name="removeProduct" time="5.995"/>
  <system-out>
    <![CDATA[screenshot taken successfully after removing product]]>
  </system-out>
</testsuite> <!-- CatsProduct.VerifyCatsProduct -->
