<?xml version="1.0" encoding="UTF-8"?>
<!-- Generated by org.testng.reporters.JUnitReportReporter -->
<testsuite hostname="Harry" failures="0" tests="2" name="CatsProduct.VerifyCatsProduct" time="19.599" errors="0" timestamp="2024-11-29T11:36:35 IST" skipped="0">
  <testcase classname="CatsProduct.VerifyCatsProduct" name="addProduct" time="9.079"/>
  <system-out>
    <![CDATA[Added product screenshot taken successfully]]>
  </system-out>
  <testcase classname="CatsProduct.VerifyCatsProduct" name="removeProduct" time="10.520"/>
  <system-out>
    <![CDATA[screenshot taken successfully after removing product]]>
  </system-out>
</testsuite> <!-- CatsProduct.VerifyCatsProduct -->
