<?xml version="1.0" encoding="UTF-8"?>
<!-- Generated by org.testng.reporters.JUnitReportReporter -->
<testsuite hostname="Harry" failures="0" tests="2" name="CatsProduct.VerifyCatsProduct" time="208.083" errors="0" timestamp="2024-11-25T16:52:01 GMT+05:30" skipped="0">
  <testcase classname="CatsProduct.VerifyCatsProduct" name="removeProduct" time="14.500"/>
  <system-out>
    <![CDATA[screenshot taken successfully after removing product]]>
  </system-out>
  <testcase classname="CatsProduct.VerifyCatsProduct" name="addProduct" time="193.583"/>
  <system-out>
    <![CDATA[Added product screenshot taken successfully]]>
  </system-out>
</testsuite> <!-- CatsProduct.VerifyCatsProduct -->
