<?xml version="1.0" encoding="UTF-8"?>
<!-- Generated by org.testng.reporters.JUnitReportReporter -->
<testsuite hostname="Harry" failures="0" tests="2" name="ReptileProduct.VerifyReptileProductTest" time="38.213" errors="0" timestamp="2024-11-23T17:04:49 IST" skipped="0">
  <testcase classname="ReptileProduct.VerifyReptileProductTest" name="removeReptileProduct" time="15.380"/>
  <system-out>
    <![CDATA[Your cart is empty]]>
  </system-out>
  <testcase classname="ReptileProduct.VerifyReptileProductTest" name="addReptileProduct" time="22.833"/>
  <system-out>
    <![CDATA[Thank you, your order has been submitted.]]>
  </system-out>
</testsuite> <!-- ReptileProduct.VerifyReptileProductTest -->
