<?xml version="1.0" encoding="UTF-8"?>
<!-- Generated by org.testng.reporters.JUnitReportReporter -->
<testsuite hostname="Harry" failures="0" tests="2" name="BirdsProduct.verifyBirdsProductTest" time="23.591" errors="0" timestamp="2024-11-23T17:04:49 IST" skipped="0">
  <testcase classname="BirdsProduct.verifyBirdsProductTest" name="removeBirdsProduct" time="10.993"/>
  <system-out>
    <![CDATA[Your cart is empty.
Screenshot taken succesfully]]>
  </system-out>
  <testcase classname="BirdsProduct.verifyBirdsProductTest" name="addBirdsProduct" time="12.598"/>
  <system-out>
    <![CDATA[Thank you, your order has been submitted.
Screenshot taken succesfully]]>
  </system-out>
</testsuite> <!-- BirdsProduct.verifyBirdsProductTest -->
