<?xml version="1.0" encoding="UTF-8"?>
<!-- Generated by org.testng.reporters.JUnitReportReporter -->
<testsuite hostname="Harry" failures="0" tests="2" name="FishProduct.VerifyFishProductTest" time="12.379" errors="0" timestamp="2024-11-29T11:36:35 IST" skipped="0">
  <testcase classname="FishProduct.VerifyFishProductTest" name="removeFishProduct" time="6.035"/>
  <system-out>
    <![CDATA[Fish Product Removed Succesful]]>
  </system-out>
  <testcase classname="FishProduct.VerifyFishProductTest" name="addFishProduct" time="6.344"/>
  <system-out>
    <![CDATA[Fish Product Added Succesful]]>
  </system-out>
</testsuite> <!-- FishProduct.VerifyFishProductTest -->
