<?xml version="1.0" encoding="UTF-8"?>
<!-- Generated by org.testng.reporters.JUnitReportReporter -->
<testsuite hostname="Harry" failures="0" tests="2" name="ReptileProduct.VerifyReptileProductTest" time="35.369" errors="0" timestamp="2024-11-29T11:36:35 IST" skipped="0">
  <testcase classname="ReptileProduct.VerifyReptileProductTest" name="addReptileProduct" time="21.275"/>
  <system-out>
    <![CDATA[Thank you, your order has been submitted.]]>
  </system-out>
  <testcase classname="ReptileProduct.VerifyReptileProductTest" name="removeReptileProduct" time="14.094"/>
  <system-out>
    <![CDATA[Your cart is empty]]>
  </system-out>
</testsuite> <!-- ReptileProduct.VerifyReptileProductTest -->
