<?xml version="1.0" encoding="UTF-8"?>
<!-- Generated by org.testng.reporters.JUnitReportReporter -->
<testsuite hostname="Playarr9722" failures="0" tests="2" name="com.Ecommerce.InstaSnap.ProductTest.VerifyRegisterTest" time="19.038" errors="0" timestamp="2024-11-30T12:44:49 IST" skipped="1">
  <testcase classname="com.Ecommerce.InstaSnap.ProductTest.VerifyRegisterTest" name="Register" time="19.038"/>
  <system-out>
    <![CDATA[Registeration completed]]>
  </system-out>
  <testcase classname="com.Ecommerce.InstaSnap.ProductTest.VerifyRegisterTest" name="demoRegisterTest">
    <skipped/>
  </testcase> <!-- demoRegisterTest -->
  <system-out/>
</testsuite> <!-- com.Ecommerce.InstaSnap.ProductTest.VerifyRegisterTest -->
