<?xml version="1.0" encoding="UTF-8"?>
<!-- Generated by org.testng.reporters.JUnitReportReporter -->
<testsuite hostname="Harry" failures="0" tests="2" name="DogsProduct.VerifyDogsProductTest" time="24.044" errors="0" timestamp="2024-11-23T17:04:49 IST" skipped="0">
  <testcase classname="DogsProduct.VerifyDogsProductTest" name="removeBirdsProduct" time="11.873"/>
  <system-out>
    <![CDATA[Your cart is empty.
Screenshot taken succesfully]]>
  </system-out>
  <testcase classname="DogsProduct.VerifyDogsProductTest" name="adddogsproduct" time="12.171"/>
  <system-out>
    <![CDATA[Thank you, your order has been submitted.
Screenshot taken succesfully]]>
  </system-out>
</testsuite> <!-- DogsProduct.VerifyDogsProductTest -->
