<?xml version="1.0" encoding="UTF-8"?>
<!-- Generated by org.testng.reporters.JUnitReportReporter -->
<testsuite hostname="Harry" failures="0" tests="2" name="CatsProduct.VerifyCatsProduct" time="26.148" errors="0" timestamp="2024-11-23T17:04:49 IST" skipped="0">
  <testcase classname="CatsProduct.VerifyCatsProduct" name="addProduct" time="13.704"/>
  <system-out>
    <![CDATA[Added product screenshot taken successfully]]>
  </system-out>
  <testcase classname="CatsProduct.VerifyCatsProduct" name="removeProduct" time="12.444"/>
  <system-out>
    <![CDATA[screenshot taken successfully after removing product]]>
  </system-out>
</testsuite> <!-- CatsProduct.VerifyCatsProduct -->
