<?xml version="1.0" encoding="UTF-8"?>
<!-- Generated by org.testng.reporters.JUnitReportReporter -->
<testsuite hostname="DESKTOP-KQM3RBM" failures="0" tests="1" name="Demo.Lavanya" time="0.084" errors="0" timestamp="2024-11-20T17:13:09 IST" skipped="0">
  <testcase classname="Demo.Lavanya" name="addProduct" time="0.084"/>
  <system-out>
    <![CDATA[Product is added to cart]]>
  </system-out>
</testsuite> <!-- Demo.Lavanya -->
