<?xml version="1.0" encoding="UTF-8"?>
<!-- Generated by org.testng.reporters.JUnitReportReporter -->
<testsuite hostname="DESKTOP-GPOJRS9" failures="0" tests="2" name="DogsProduct.VerifyDogsProductTest" time="17.583" errors="0" timestamp="2024-11-23T11:29:38 IST" skipped="0">
  <testcase classname="DogsProduct.VerifyDogsProductTest" name="adddogsproduct" time="9.599"/>
  <system-out>
    <![CDATA[Thank you, your order has been submitted.
Screenshot taken succesfully]]>
  </system-out>
  <testcase classname="DogsProduct.VerifyDogsProductTest" name="removeBirdsProduct" time="7.984"/>
  <system-out>
    <![CDATA[Your cart is empty.
Screenshot taken succesfully]]>
  </system-out>
</testsuite> <!-- DogsProduct.VerifyDogsProductTest -->
