<?xml version="1.0" encoding="UTF-8"?>
<!-- Generated by org.testng.reporters.JUnitReportReporter -->
<testsuite hostname="Harry" failures="0" tests="2" name="FishProduct.VerifyFishProductTest" time="20.068" errors="0" timestamp="2024-11-25T16:52:01 GMT+05:30" skipped="0">
  <testcase classname="FishProduct.VerifyFishProductTest" name="addFishProduct" time="7.401"/>
  <system-out>
    <![CDATA[Fish Product Added Succesful]]>
  </system-out>
  <testcase classname="FishProduct.VerifyFishProductTest" name="removeFishProduct" time="12.667"/>
  <system-out>
    <![CDATA[Fish Product Removed Succesful]]>
  </system-out>
</testsuite> <!-- FishProduct.VerifyFishProductTest -->
