<?xml version="1.0" encoding="UTF-8"?>
<!-- Generated by org.testng.reporters.JUnitReportReporter -->
<testsuite hostname="KAAL" failures="0" tests="2" name="CatsProduct.VerifyCatsProduct" time="18.021" errors="0" timestamp="2024-11-22T17:23:42 IST" skipped="0">
  <testcase classname="CatsProduct.VerifyCatsProduct" name="addProduct" time="9.569"/>
  <system-out>
    <![CDATA[Added product screenshot taken successfully]]>
  </system-out>
  <testcase classname="CatsProduct.VerifyCatsProduct" name="removeProduct" time="8.452"/>
  <system-out>
    <![CDATA[screenshot taken successfully after removing product]]>
  </system-out>
</testsuite> <!-- CatsProduct.VerifyCatsProduct -->
