<?xml version="1.0" encoding="UTF-8"?>
<!-- Generated by org.testng.reporters.JUnitReportReporter -->
<testsuite hostname="Harry" failures="0" tests="1" name="DemoLIstener.DemoTest" time="5.856" errors="0" timestamp="2024-11-29T11:43:12 IST" skipped="0">
  <testcase classname="DemoLIstener.DemoTest" name="m1" time="5.856"/>
  <system-out>
    <![CDATA[M1 Method Failed]]>
  </system-out>
</testsuite> <!-- DemoLIstener.DemoTest -->
