<?xml version="1.0" encoding="UTF-8"?>
<!-- Generated by org.testng.reporters.JUnitReportReporter -->
<testsuite hostname="NVGP_9722" failures="0" tests="2" name="ReptileProduct.VerifyReptileProductTest" time="46.489" errors="0" timestamp="2024-11-22T16:54:25 IST" skipped="0">
  <testcase classname="ReptileProduct.VerifyReptileProductTest" name="AddProduct" time="28.406"/>
  <system-out>
    <![CDATA[Thank you, your order has been submitted.]]>
  </system-out>
  <testcase classname="ReptileProduct.VerifyReptileProductTest" name="RemoveProduct" time="18.083"/>
  <system-out>
    <![CDATA[Your cart is empty]]>
  </system-out>
</testsuite> <!-- ReptileProduct.VerifyReptileProductTest -->
