<?xml version="1.0" encoding="UTF-8"?>
<!-- Generated by org.testng.reporters.JUnitReportReporter -->
<testsuite hostname="Harry" failures="0" tests="2" name="FishProduct.VerifyFishProductTest" time="13.746" errors="0" timestamp="2024-11-23T17:04:49 IST" skipped="0">
  <testcase classname="FishProduct.VerifyFishProductTest" name="addFishProduct" time="7.418"/>
  <system-out>
    <![CDATA[Fish Product Added Succesful]]>
  </system-out>
  <testcase classname="FishProduct.VerifyFishProductTest" name="removeFishProduct" time="6.328"/>
  <system-out>
    <![CDATA[Fish Product Removed Succesful]]>
  </system-out>
</testsuite> <!-- FishProduct.VerifyFishProductTest -->
