<?xml version="1.0" encoding="UTF-8"?>
<!-- Generated by org.testng.reporters.JUnitReportReporter -->
<testsuite hostname="DESKTOP-GPOJRS9" failures="0" tests="2" name="DogsProduct.VerifyDogsProductTest" time="21.386" errors="0" timestamp="2024-11-23T15:12:26 IST" skipped="0">
  <testcase classname="DogsProduct.VerifyDogsProductTest" name="removeBirdsProduct" time="11.059"/>
  <system-out>
    <![CDATA[Your cart is empty.
Screenshot taken succesfully]]>
  </system-out>
  <testcase classname="DogsProduct.VerifyDogsProductTest" name="adddogsproduct" time="10.327"/>
  <system-out>
    <![CDATA[Thank you, your order has been submitted.
Screenshot taken succesfully]]>
  </system-out>
</testsuite> <!-- DogsProduct.VerifyDogsProductTest -->
