<?xml version="1.0" encoding="UTF-8"?>
<!-- Generated by org.testng.reporters.JUnitReportReporter -->
<testsuite hostname="DESKTOP-KQM3RBM" failures="0" tests="2" name="BirdsProduct.verifyBirdsProductTest" time="50.146" errors="0" timestamp="2024-11-22T15:17:35 IST" skipped="0">
  <testcase classname="BirdsProduct.verifyBirdsProductTest" name="addBirdsProduct" time="30.363"/>
  <system-out>
    <![CDATA[Thank you, your order has been submitted.
Screenshot taken succesfully]]>
  </system-out>
  <testcase classname="BirdsProduct.verifyBirdsProductTest" name="removeBirdsProduct" time="19.783"/>
  <system-out>
    <![CDATA[Your cart is empty.
Screenshot taken succesfully]]>
  </system-out>
</testsuite> <!-- BirdsProduct.verifyBirdsProductTest -->
