<?xml version="1.0" encoding="UTF-8"?>
<!-- Generated by org.testng.reporters.JUnitReportReporter -->
<testsuite hostname="Harry" failures="0" tests="2" name="ReptileProduct.VerifyReptileProductTest" time="98.027" errors="0" timestamp="2024-11-25T16:52:01 GMT+05:30" skipped="0">
  <testcase classname="ReptileProduct.VerifyReptileProductTest" name="addReptileProduct" time="39.298"/>
  <system-out>
    <![CDATA[Thank you, your order has been submitted.]]>
  </system-out>
  <testcase classname="ReptileProduct.VerifyReptileProductTest" name="removeReptileProduct" time="58.729"/>
  <system-out>
    <![CDATA[Your cart is empty]]>
  </system-out>
</testsuite> <!-- ReptileProduct.VerifyReptileProductTest -->
